{"message":"unhandledRejection Internal ErrorInternal Error","statusCode":500,"level":"error","label":"server.js","timestamp":"12-04-2020 12:44:42"}
{"url":"/boards","body":{"title":"Autotest board","columns":[{"title":"Backlog","order":1},{"title":"Sprint","order":2}]},"method":"POST","queryParams":{},"level":"info","message":"Request Logger","label":"server.js","timestamp":"19-04-2020 09:40:38"}
{"url":"/boards","body":{"title":"Autotest board","columns":[{"title":"Backlog","order":1},{"title":"Sprint","order":2}]},"method":"POST","queryParams":{},"level":"info","message":"Request Logger","label":"server.js","timestamp":"19-04-2020 09:40:38"}
{"url":"/users","body":{},"method":"GET","queryParams":{},"level":"info","message":"Request Logger","label":"server.js","timestamp":"19-04-2020 09:40:38"}
{"url":"/boards/f826cc03-4a8f-40d6-82c0-e0fe49fac83b/tasks","body":{"title":"Autotest task","order":0,"description":"Lorem ipsum","userId":null,"boardId":null,"columnId":null},"method":"POST","queryParams":{},"level":"info","message":"Request Logger","label":"server.js","timestamp":"19-04-2020 09:40:38"}
{"url":"/boards","body":{},"method":"GET","queryParams":{},"level":"info","message":"Request Logger","label":"server.js","timestamp":"19-04-2020 09:40:38"}
{"url":"/boards/f826cc03-4a8f-40d6-82c0-e0fe49fac83b/tasks","body":{},"method":"GET","queryParams":{},"level":"info","message":"Request Logger","label":"server.js","timestamp":"19-04-2020 09:40:38"}
{"url":"/users","body":{"name":"TEST_USER","login":"test_user","password":"T35t_P@55w0rd"},"method":"POST","queryParams":{},"level":"info","message":"Request Logger","label":"server.js","timestamp":"19-04-2020 09:40:38"}
{"url":"/users/8c62bc86-9598-4fb6-9b60-08c670f0eae0","body":{},"method":"GET","queryParams":{},"level":"info","message":"Request Logger","label":"server.js","timestamp":"19-04-2020 09:40:38"}
{"url":"/boards","body":{},"method":"GET","queryParams":{},"level":"info","message":"Request Logger","label":"server.js","timestamp":"19-04-2020 09:40:38"}
{"url":"/boards/f826cc03-4a8f-40d6-82c0-e0fe49fac83b/tasks","body":{},"method":"GET","queryParams":{},"level":"info","message":"Request Logger","label":"server.js","timestamp":"19-04-2020 09:40:38"}
{"url":"/users/8c62bc86-9598-4fb6-9b60-08c670f0eae0","body":{},"method":"DELETE","queryParams":{},"level":"info","message":"Request Logger","label":"server.js","timestamp":"19-04-2020 09:40:38"}
{"url":"/boards/1","body":{},"method":"GET","queryParams":{},"level":"info","message":"Request Logger","label":"server.js","timestamp":"19-04-2020 09:40:38"}
{"url":"/boards/f826cc03-4a8f-40d6-82c0-e0fe49fac83b/tasks/dda6c59b-7491-444a-b49d-a88455b535be","body":{},"method":"GET","queryParams":{},"level":"info","message":"Request Logger","label":"server.js","timestamp":"19-04-2020 09:40:38"}
{"url":"/users","body":{"name":"TEST_USER","login":"test_user","password":"T35t_P@55w0rd"},"method":"POST","queryParams":{},"level":"info","message":"Request Logger","label":"server.js","timestamp":"19-04-2020 09:40:38"}
{"url":"/boards","body":{"title":"Autotest board","columns":[{"title":"Backlog","order":1},{"title":"Sprint","order":2}]},"method":"POST","queryParams":{},"level":"info","message":"Request Logger","label":"server.js","timestamp":"19-04-2020 09:40:38"}
{"url":"/boards/f826cc03-4a8f-40d6-82c0-e0fe49fac83b/tasks","body":{"title":"Autotest task","order":0,"description":"Lorem ipsum","userId":null,"boardId":null,"columnId":null},"method":"POST","queryParams":{},"level":"info","message":"Request Logger","label":"server.js","timestamp":"19-04-2020 09:40:38"}
{"url":"/boards/24a00675-f43f-4e8f-b5e7-24c611fe1b4b","body":{},"method":"DELETE","queryParams":{},"level":"info","message":"Request Logger","label":"server.js","timestamp":"19-04-2020 09:40:38"}
{"url":"/users/88df41e7-50ed-441d-b5a2-97a5105d6ea3","body":{},"method":"DELETE","queryParams":{},"level":"info","message":"Request Logger","label":"server.js","timestamp":"19-04-2020 09:40:38"}
{"url":"/boards/f826cc03-4a8f-40d6-82c0-e0fe49fac83b/tasks/31447025-0a44-414c-9f86-f31456c871fd","body":{},"method":"DELETE","queryParams":{},"level":"info","message":"Request Logger","label":"server.js","timestamp":"19-04-2020 09:40:38"}
{"url":"/boards","body":{"title":"Autotest board","columns":[{"title":"Backlog","order":1},{"title":"Sprint","order":2}]},"method":"POST","queryParams":{},"level":"info","message":"Request Logger","label":"server.js","timestamp":"19-04-2020 09:40:38"}
{"url":"/users","body":{"name":"TEST_USER","login":"test_user","password":"T35t_P@55w0rd"},"method":"POST","queryParams":{},"level":"info","message":"Request Logger","label":"server.js","timestamp":"19-04-2020 09:40:38"}
{"url":"/boards/f826cc03-4a8f-40d6-82c0-e0fe49fac83b/tasks","body":{"title":"Autotest task","order":0,"description":"Lorem ipsum","userId":null,"boardId":null,"columnId":null},"method":"POST","queryParams":{},"level":"info","message":"Request Logger","label":"server.js","timestamp":"19-04-2020 09:40:38"}
{"url":"/boards/2f74040e-f82e-4ccf-8651-607f99db6fac","body":{"id":"2f74040e-f82e-4ccf-8651-607f99db6fac","title":"Autotest updated board","columns":[{"id":"4e3aa09b-13c2-4a01-aa5a-204843ae2ff1","title":"Backlog","order":1},{"id":"5a3ba8f5-9048-4268-adad-f9350b600eec","title":"Sprint","order":2}]},"method":"PUT","queryParams":{},"level":"info","message":"Request Logger","label":"server.js","timestamp":"19-04-2020 09:40:38"}
{"url":"/users/b8d110f1-a93b-49a5-99ac-798139ea5b41","body":{"name":"Autotest updated TEST_USER","login":"test_user","password":"T35t_P@55w0rd","id":"b8d110f1-a93b-49a5-99ac-798139ea5b41"},"method":"PUT","queryParams":{},"level":"info","message":"Request Logger","label":"server.js","timestamp":"19-04-2020 09:40:38"}
{"url":"/boards/f826cc03-4a8f-40d6-82c0-e0fe49fac83b/tasks/77a1b7d9-34b1-4bcb-b012-9858b2d1908c","body":{"id":"77a1b7d9-34b1-4bcb-b012-9858b2d1908c","title":"Autotest updated task","order":0,"description":"Lorem ipsum","userId":null,"boardId":"f826cc03-4a8f-40d6-82c0-e0fe49fac83b","columnId":null},"method":"PUT","queryParams":{},"level":"info","message":"Request Logger","label":"server.js","timestamp":"19-04-2020 09:40:38"}
{"url":"/boards/2f74040e-f82e-4ccf-8651-607f99db6fac","body":{},"method":"GET","queryParams":{},"level":"info","message":"Request Logger","label":"server.js","timestamp":"19-04-2020 09:40:38"}
{"url":"/users/b8d110f1-a93b-49a5-99ac-798139ea5b41","body":{},"method":"GET","queryParams":{},"level":"info","message":"Request Logger","label":"server.js","timestamp":"19-04-2020 09:40:38"}
{"url":"/boards/f826cc03-4a8f-40d6-82c0-e0fe49fac83b/tasks/77a1b7d9-34b1-4bcb-b012-9858b2d1908c","body":{},"method":"GET","queryParams":{},"level":"info","message":"Request Logger","label":"server.js","timestamp":"19-04-2020 09:40:38"}
{"url":"/boards/2f74040e-f82e-4ccf-8651-607f99db6fac","body":{},"method":"DELETE","queryParams":{},"level":"info","message":"Request Logger","label":"server.js","timestamp":"19-04-2020 09:40:38"}
{"url":"/users/b8d110f1-a93b-49a5-99ac-798139ea5b41","body":{},"method":"DELETE","queryParams":{},"level":"info","message":"Request Logger","label":"server.js","timestamp":"19-04-2020 09:40:38"}
{"url":"/boards/f826cc03-4a8f-40d6-82c0-e0fe49fac83b/tasks/dda6c59b-7491-444a-b49d-a88455b535be","body":{},"method":"GET","queryParams":{},"level":"info","message":"Request Logger","label":"server.js","timestamp":"19-04-2020 09:40:38"}
{"url":"/boards","body":{},"method":"GET","queryParams":{},"level":"info","message":"Request Logger","label":"server.js","timestamp":"19-04-2020 09:40:38"}
{"url":"/users","body":{"name":"TEST_USER","login":"test_user","password":"T35t_P@55w0rd"},"method":"POST","queryParams":{},"level":"info","message":"Request Logger","label":"server.js","timestamp":"19-04-2020 09:40:38"}
{"url":"/boards/f826cc03-4a8f-40d6-82c0-e0fe49fac83b/tasks/dda6c59b-7491-444a-b49d-a88455b535be","body":{},"method":"DELETE","queryParams":{},"level":"info","message":"Request Logger","label":"server.js","timestamp":"19-04-2020 09:40:38"}
{"url":"/boards/1","body":{},"method":"DELETE","queryParams":{},"level":"info","message":"Request Logger","label":"server.js","timestamp":"19-04-2020 09:40:38"}
{"url":"/users/4ca8850f-0fd8-4aef-9339-7a2cfd32f00d","body":{},"method":"DELETE","queryParams":{},"level":"info","message":"Request Logger","label":"server.js","timestamp":"19-04-2020 09:40:38"}
{"url":"/boards/f826cc03-4a8f-40d6-82c0-e0fe49fac83b/tasks/dda6c59b-7491-444a-b49d-a88455b535be","body":{},"method":"GET","queryParams":{},"level":"info","message":"Request Logger","label":"server.js","timestamp":"19-04-2020 09:40:38"}
{"url":"/boards/1","body":{},"method":"GET","queryParams":{},"level":"info","message":"Request Logger","label":"server.js","timestamp":"19-04-2020 09:40:38"}
{"url":"/users","body":{"name":"TEST_USER","login":"test_user","password":"T35t_P@55w0rd"},"method":"POST","queryParams":{},"level":"info","message":"Request Logger","label":"server.js","timestamp":"19-04-2020 09:40:38"}
{"url":"/boards/f826cc03-4a8f-40d6-82c0-e0fe49fac83b","body":{},"method":"DELETE","queryParams":{},"level":"info","message":"Request Logger","label":"server.js","timestamp":"19-04-2020 09:40:38"}
{"url":"/boards","body":{"title":"Autotest board","columns":[{"title":"Backlog","order":1},{"title":"Sprint","order":2}]},"method":"POST","queryParams":{},"level":"info","message":"Request Logger","label":"server.js","timestamp":"19-04-2020 09:40:38"}
{"url":"/boards","body":{"title":"Autotest board","columns":[{"title":"Backlog","order":1},{"title":"Sprint","order":2}]},"method":"POST","queryParams":{},"level":"info","message":"Request Logger","label":"server.js","timestamp":"19-04-2020 09:40:38"}
{"url":"/boards/54608e65-8564-4676-be16-67ba4af2dd4f/tasks","body":{"title":"Task #1","order":1,"description":"Lorem ipsum","boardId":"54608e65-8564-4676-be16-67ba4af2dd4f","userId":null,"columnId":null},"method":"POST","queryParams":{},"level":"info","message":"Request Logger","label":"server.js","timestamp":"19-04-2020 09:40:38"}
{"url":"/boards/54608e65-8564-4676-be16-67ba4af2dd4f/tasks","body":{"title":"Task #2","order":2,"description":"Lorem ipsum","boardId":"54608e65-8564-4676-be16-67ba4af2dd4f","userId":null,"columnId":null},"method":"POST","queryParams":{},"level":"info","message":"Request Logger","label":"server.js","timestamp":"19-04-2020 09:40:38"}
{"url":"/boards/54608e65-8564-4676-be16-67ba4af2dd4f/tasks","body":{"title":"Task #3","order":3,"description":"Lorem ipsum","boardId":"54608e65-8564-4676-be16-67ba4af2dd4f","userId":null,"columnId":null},"method":"POST","queryParams":{},"level":"info","message":"Request Logger","label":"server.js","timestamp":"19-04-2020 09:40:38"}
{"url":"/boards/54608e65-8564-4676-be16-67ba4af2dd4f/tasks","body":{"title":"Task #4","order":4,"description":"Lorem ipsum","boardId":"54608e65-8564-4676-be16-67ba4af2dd4f","userId":null,"columnId":null},"method":"POST","queryParams":{},"level":"info","message":"Request Logger","label":"server.js","timestamp":"19-04-2020 09:40:38"}
{"url":"/boards/54608e65-8564-4676-be16-67ba4af2dd4f/tasks","body":{"title":"Task #5","order":5,"description":"Lorem ipsum","boardId":"54608e65-8564-4676-be16-67ba4af2dd4f","userId":null,"columnId":null},"method":"POST","queryParams":{},"level":"info","message":"Request Logger","label":"server.js","timestamp":"19-04-2020 09:40:38"}
{"url":"/boards/ea5957b4-d43c-49b7-b420-5716d8b7449a/tasks","body":{"title":"Task #1","order":1,"description":"Lorem ipsum","userId":"3a73b2e1-237a-4072-91d4-5e0f08499045","boardId":"ea5957b4-d43c-49b7-b420-5716d8b7449a"},"method":"POST","queryParams":{},"level":"info","message":"Request Logger","label":"server.js","timestamp":"19-04-2020 09:40:39"}
{"url":"/boards/ea5957b4-d43c-49b7-b420-5716d8b7449a/tasks","body":{"title":"Task #2","order":2,"description":"Lorem ipsum","userId":"3a73b2e1-237a-4072-91d4-5e0f08499045","boardId":"ea5957b4-d43c-49b7-b420-5716d8b7449a"},"method":"POST","queryParams":{},"level":"info","message":"Request Logger","label":"server.js","timestamp":"19-04-2020 09:40:39"}
{"url":"/boards/54608e65-8564-4676-be16-67ba4af2dd4f/tasks/8e5f27da-d6ad-401c-9e10-0f1fdf5ec664","body":{},"method":"GET","queryParams":{},"level":"info","message":"Request Logger","label":"server.js","timestamp":"19-04-2020 09:40:39"}
{"url":"/boards/54608e65-8564-4676-be16-67ba4af2dd4f/tasks/dfd09d0d-6e70-401c-89c7-335b48329593","body":{},"method":"GET","queryParams":{},"level":"info","message":"Request Logger","label":"server.js","timestamp":"19-04-2020 09:40:39"}
{"url":"/boards/54608e65-8564-4676-be16-67ba4af2dd4f/tasks/4beb752a-c86f-4ac4-a036-f7ddb1de1bfc","body":{},"method":"GET","queryParams":{},"level":"info","message":"Request Logger","label":"server.js","timestamp":"19-04-2020 09:40:39"}
{"url":"/boards/54608e65-8564-4676-be16-67ba4af2dd4f/tasks/8c8588a8-36b7-4e38-b405-975efeb4a9c3","body":{},"method":"GET","queryParams":{},"level":"info","message":"Request Logger","label":"server.js","timestamp":"19-04-2020 09:40:39"}
{"url":"/boards/54608e65-8564-4676-be16-67ba4af2dd4f/tasks/6084110e-fd29-4c38-8293-cc41fc3950b5","body":{},"method":"GET","queryParams":{},"level":"info","message":"Request Logger","label":"server.js","timestamp":"19-04-2020 09:40:39"}
{"url":"/users/3a73b2e1-237a-4072-91d4-5e0f08499045","body":{},"method":"DELETE","queryParams":{},"level":"info","message":"Request Logger","label":"server.js","timestamp":"19-04-2020 09:40:39"}
{"url":"/boards/54608e65-8564-4676-be16-67ba4af2dd4f","body":{},"method":"DELETE","queryParams":{},"level":"info","message":"Request Logger","label":"server.js","timestamp":"19-04-2020 09:40:39"}
{"url":"/boards/ea5957b4-d43c-49b7-b420-5716d8b7449a/tasks/8eb82626-9736-48bc-819f-9373143609f8","body":{},"method":"GET","queryParams":{},"level":"info","message":"Request Logger","label":"server.js","timestamp":"19-04-2020 09:40:39"}
{"url":"/boards/ea5957b4-d43c-49b7-b420-5716d8b7449a/tasks/5dea698f-5433-4c81-ba2e-c60d605e12e1","body":{},"method":"GET","queryParams":{},"level":"info","message":"Request Logger","label":"server.js","timestamp":"19-04-2020 09:40:39"}
{"url":"/boards/54608e65-8564-4676-be16-67ba4af2dd4f/tasks/8e5f27da-d6ad-401c-9e10-0f1fdf5ec664","body":{},"method":"GET","queryParams":{},"level":"info","message":"Request Logger","label":"server.js","timestamp":"19-04-2020 09:40:39"}
{"url":"/boards/54608e65-8564-4676-be16-67ba4af2dd4f/tasks/dfd09d0d-6e70-401c-89c7-335b48329593","body":{},"method":"GET","queryParams":{},"level":"info","message":"Request Logger","label":"server.js","timestamp":"19-04-2020 09:40:39"}
{"url":"/boards/54608e65-8564-4676-be16-67ba4af2dd4f/tasks/4beb752a-c86f-4ac4-a036-f7ddb1de1bfc","body":{},"method":"GET","queryParams":{},"level":"info","message":"Request Logger","label":"server.js","timestamp":"19-04-2020 09:40:39"}
{"url":"/boards/54608e65-8564-4676-be16-67ba4af2dd4f/tasks/8c8588a8-36b7-4e38-b405-975efeb4a9c3","body":{},"method":"GET","queryParams":{},"level":"info","message":"Request Logger","label":"server.js","timestamp":"19-04-2020 09:40:39"}
{"url":"/boards/54608e65-8564-4676-be16-67ba4af2dd4f/tasks/6084110e-fd29-4c38-8293-cc41fc3950b5","body":{},"method":"GET","queryParams":{},"level":"info","message":"Request Logger","label":"server.js","timestamp":"19-04-2020 09:40:39"}
{"url":"/boards/ea5957b4-d43c-49b7-b420-5716d8b7449a/tasks/8eb82626-9736-48bc-819f-9373143609f8","body":{},"method":"DELETE","queryParams":{},"level":"info","message":"Request Logger","label":"server.js","timestamp":"19-04-2020 09:40:39"}
{"url":"/boards/ea5957b4-d43c-49b7-b420-5716d8b7449a/tasks/5dea698f-5433-4c81-ba2e-c60d605e12e1","body":{},"method":"DELETE","queryParams":{},"level":"info","message":"Request Logger","label":"server.js","timestamp":"19-04-2020 09:40:39"}
{"url":"/boards/ea5957b4-d43c-49b7-b420-5716d8b7449a","body":{},"method":"DELETE","queryParams":{},"level":"info","message":"Request Logger","label":"server.js","timestamp":"19-04-2020 09:40:39"}
{"message":"unhandledRejection Internal ErrorInternal Error","statusCode":500,"level":"error","label":"server.js","timestamp":"19-04-2020 13:23:17"}
{"message":"unhandledRejection Internal ErrorInternal Error","statusCode":500,"level":"error","label":"server.js","timestamp":"19-04-2020 13:26:33"}
{"url":"/users","body":{},"method":"GET","queryParams":{},"level":"info","message":"Request Logger","label":"server.js","timestamp":"19-04-2020 14:22:04"}
{"url":"/users","body":{"name":"TEST_USER","login":"test_user","password":"T35t_P@55w0rd"},"method":"POST","queryParams":{},"level":"info","message":"Request Logger","label":"server.js","timestamp":"19-04-2020 14:22:04"}
{"url":"/users","body":{"name":"TEST_USER","login":"test_user","password":"T35t_P@55w0rd"},"method":"POST","queryParams":{},"level":"info","message":"Request Logger","label":"server.js","timestamp":"19-04-2020 14:22:05"}
{"url":"/users","body":{"name":"TEST_USER","login":"test_user","password":"T35t_P@55w0rd"},"method":"POST","queryParams":{},"level":"info","message":"Request Logger","label":"server.js","timestamp":"19-04-2020 14:22:05"}
{"url":"/users/undefined","body":{"name":"Autotest updated TEST_USER","login":"test_user","password":"T35t_P@55w0rd"},"method":"PUT","queryParams":{},"level":"info","message":"Request Logger","label":"server.js","timestamp":"19-04-2020 14:22:05"}
{"url":"/users/undefined","body":{},"method":"GET","queryParams":{},"level":"info","message":"Request Logger","label":"server.js","timestamp":"19-04-2020 14:22:05"}
{"url":"/users","body":{"name":"TEST_USER","login":"test_user","password":"T35t_P@55w0rd"},"method":"POST","queryParams":{},"level":"info","message":"Request Logger","label":"server.js","timestamp":"19-04-2020 14:22:05"}
{"url":"/users/undefined","body":{},"method":"DELETE","queryParams":{},"level":"info","message":"Request Logger","label":"server.js","timestamp":"19-04-2020 14:22:05"}
{"url":"/users","body":{"name":"TEST_USER","login":"test_user","password":"T35t_P@55w0rd"},"method":"POST","queryParams":{},"level":"info","message":"Request Logger","label":"server.js","timestamp":"19-04-2020 14:22:05"}
{"url":"/boards","body":{"title":"Autotest board","columns":[{"title":"Backlog","order":1},{"title":"Sprint","order":2}]},"method":"POST","queryParams":{},"level":"info","message":"Request Logger","label":"server.js","timestamp":"19-04-2020 14:22:05"}
{"url":"/boards/ad2f47ac-5f62-4bd8-9084-192815850e32/tasks","body":{"title":"Task #2","order":2,"description":"Lorem ipsum","boardId":"ad2f47ac-5f62-4bd8-9084-192815850e32"},"method":"POST","queryParams":{},"level":"info","message":"Request Logger","label":"server.js","timestamp":"19-04-2020 14:22:05"}
{"url":"/boards/ad2f47ac-5f62-4bd8-9084-192815850e32/tasks","body":{"title":"Task #1","order":1,"description":"Lorem ipsum","boardId":"ad2f47ac-5f62-4bd8-9084-192815850e32"},"method":"POST","queryParams":{},"level":"info","message":"Request Logger","label":"server.js","timestamp":"19-04-2020 14:22:05"}
{"url":"/users/undefined","body":{},"method":"DELETE","queryParams":{},"level":"info","message":"Request Logger","label":"server.js","timestamp":"19-04-2020 14:22:05"}
{"url":"/boards/ad2f47ac-5f62-4bd8-9084-192815850e32/tasks/f68dde43-1ec1-4246-be23-d87582f6cadf","body":{},"method":"GET","queryParams":{},"level":"info","message":"Request Logger","label":"server.js","timestamp":"19-04-2020 14:22:05"}
{"message":"unhandledRejection Internal ErrorInternal Error","statusCode":500,"level":"error","label":"server.js","timestamp":"19-04-2020 14:42:06"}
{"message":"unhandledRejection Internal ErrorInternal Error","statusCode":500,"level":"error","label":"server.js","timestamp":"19-04-2020 14:46:12"}
{"url":"/users","body":{},"method":"GET","queryParams":{},"level":"info","message":"Request Logger","label":"server.js","timestamp":"19-04-2020 14:51:36"}
{"message":"unhandledRejection Internal ErrorInternal Error","statusCode":500,"level":"error","label":"server.js","timestamp":"19-04-2020 14:51:36"}
{"url":"/users","body":{"name":"TEST_USER","login":"test_user","password":"T35t_P@55w0rd"},"method":"POST","queryParams":{},"level":"info","message":"Request Logger","label":"server.js","timestamp":"19-04-2020 14:51:41"}
{"url":"/users","body":{"name":"TEST_USER","login":"test_user","password":"T35t_P@55w0rd"},"method":"POST","queryParams":{},"level":"info","message":"Request Logger","label":"server.js","timestamp":"19-04-2020 14:51:41"}
{"url":"/users","body":{"name":"TEST_USER","login":"test_user","password":"T35t_P@55w0rd"},"method":"POST","queryParams":{},"level":"info","message":"Request Logger","label":"server.js","timestamp":"19-04-2020 14:51:41"}
{"url":"/users/undefined","body":{"name":"Autotest updated TEST_USER","login":"test_user","password":"T35t_P@55w0rd"},"method":"PUT","queryParams":{},"level":"info","message":"Request Logger","label":"server.js","timestamp":"19-04-2020 14:51:41"}
{"url":"/users","body":{"name":"TEST_USER","login":"test_user","password":"T35t_P@55w0rd"},"method":"POST","queryParams":{},"level":"info","message":"Request Logger","label":"server.js","timestamp":"19-04-2020 14:51:41"}
{"url":"/users/undefined","body":{},"method":"DELETE","queryParams":{},"level":"info","message":"Request Logger","label":"server.js","timestamp":"19-04-2020 14:51:41"}
{"url":"/users","body":{"name":"TEST_USER","login":"test_user","password":"T35t_P@55w0rd"},"method":"POST","queryParams":{},"level":"info","message":"Request Logger","label":"server.js","timestamp":"19-04-2020 14:51:41"}
{"url":"/boards","body":{"title":"Autotest board","columns":[{"title":"Backlog","order":1},{"title":"Sprint","order":2}]},"method":"POST","queryParams":{},"level":"info","message":"Request Logger","label":"server.js","timestamp":"19-04-2020 14:51:41"}
{"url":"/boards/e6464a93-6f09-4f01-84dd-8fdc6c10db42/tasks","body":{"title":"Task #1","order":1,"description":"Lorem ipsum","boardId":"e6464a93-6f09-4f01-84dd-8fdc6c10db42"},"method":"POST","queryParams":{},"level":"info","message":"Request Logger","label":"server.js","timestamp":"19-04-2020 14:51:41"}
{"url":"/boards/e6464a93-6f09-4f01-84dd-8fdc6c10db42/tasks","body":{"title":"Task #2","order":2,"description":"Lorem ipsum","boardId":"e6464a93-6f09-4f01-84dd-8fdc6c10db42"},"method":"POST","queryParams":{},"level":"info","message":"Request Logger","label":"server.js","timestamp":"19-04-2020 14:51:41"}
{"url":"/users/undefined","body":{},"method":"DELETE","queryParams":{},"level":"info","message":"Request Logger","label":"server.js","timestamp":"19-04-2020 14:51:42"}
{"url":"/boards/e6464a93-6f09-4f01-84dd-8fdc6c10db42/tasks/b37b7b66-2552-4807-9d30-844652c980e4","body":{},"method":"GET","queryParams":{},"level":"info","message":"Request Logger","label":"server.js","timestamp":"19-04-2020 14:51:42"}
{"message":"ErrorUnexpected token ' in JSON at position 11","statusCode":400,"method":"POST","body":{},"level":"error","label":"server.js","timestamp":"19-04-2020 14:56:26"}
{"url":"/","body":{},"method":"POST","queryParams":{},"level":"info","message":"Request Logger","label":"server.js","timestamp":"19-04-2020 14:56:26"}
{"url":"/users","body":{},"method":"GET","queryParams":{},"level":"info","message":"Request Logger","label":"server.js","timestamp":"19-04-2020 14:57:46"}
{"message":"unhandledRejection Internal ErrorInternal Error","statusCode":500,"level":"error","label":"server.js","timestamp":"19-04-2020 14:57:46"}
{"url":"/users","body":{"name":"TEST_USER","login":"test_user","password":"T35t_P@55w0rd"},"method":"POST","queryParams":{},"level":"info","message":"Request Logger","label":"server.js","timestamp":"19-04-2020 14:57:51"}
{"url":"/users","body":{"name":"TEST_USER","login":"test_user","password":"T35t_P@55w0rd"},"method":"POST","queryParams":{},"level":"info","message":"Request Logger","label":"server.js","timestamp":"19-04-2020 14:57:51"}
{"url":"/users","body":{"name":"TEST_USER","login":"test_user","password":"T35t_P@55w0rd"},"method":"POST","queryParams":{},"level":"info","message":"Request Logger","label":"server.js","timestamp":"19-04-2020 14:57:51"}
{"url":"/users/undefined","body":{"name":"Autotest updated TEST_USER","login":"test_user","password":"T35t_P@55w0rd"},"method":"PUT","queryParams":{},"level":"info","message":"Request Logger","label":"server.js","timestamp":"19-04-2020 14:57:51"}
{"url":"/users","body":{"name":"TEST_USER","login":"test_user","password":"T35t_P@55w0rd"},"method":"POST","queryParams":{},"level":"info","message":"Request Logger","label":"server.js","timestamp":"19-04-2020 14:57:51"}
{"url":"/users/undefined","body":{},"method":"DELETE","queryParams":{},"level":"info","message":"Request Logger","label":"server.js","timestamp":"19-04-2020 14:57:51"}
{"url":"/users","body":{"name":"TEST_USER","login":"test_user","password":"T35t_P@55w0rd"},"method":"POST","queryParams":{},"level":"info","message":"Request Logger","label":"server.js","timestamp":"19-04-2020 14:57:51"}
{"url":"/boards","body":{"title":"Autotest board","columns":[{"title":"Backlog","order":1},{"title":"Sprint","order":2}]},"method":"POST","queryParams":{},"level":"info","message":"Request Logger","label":"server.js","timestamp":"19-04-2020 14:57:52"}
{"url":"/boards/f8d9eb1f-ff5c-4fe4-8390-70d752a4e578/tasks","body":{"title":"Task #1","order":1,"description":"Lorem ipsum","boardId":"f8d9eb1f-ff5c-4fe4-8390-70d752a4e578"},"method":"POST","queryParams":{},"level":"info","message":"Request Logger","label":"server.js","timestamp":"19-04-2020 14:57:52"}
{"url":"/boards/f8d9eb1f-ff5c-4fe4-8390-70d752a4e578/tasks","body":{"title":"Task #2","order":2,"description":"Lorem ipsum","boardId":"f8d9eb1f-ff5c-4fe4-8390-70d752a4e578"},"method":"POST","queryParams":{},"level":"info","message":"Request Logger","label":"server.js","timestamp":"19-04-2020 14:57:52"}
{"url":"/users/undefined","body":{},"method":"DELETE","queryParams":{},"level":"info","message":"Request Logger","label":"server.js","timestamp":"19-04-2020 14:57:52"}
{"url":"/boards/f8d9eb1f-ff5c-4fe4-8390-70d752a4e578/tasks/30a5a076-5f88-4bad-af29-de65be56165e","body":{},"method":"GET","queryParams":{},"level":"info","message":"Request Logger","label":"server.js","timestamp":"19-04-2020 14:57:52"}
{"url":"/users","body":{},"method":"GET","queryParams":{},"level":"info","message":"Request Logger","label":"server.js","timestamp":"19-04-2020 14:58:29"}
{"message":"unhandledRejection Internal ErrorInternal Error","statusCode":500,"level":"error","label":"server.js","timestamp":"19-04-2020 14:58:29"}
{"url":"/users","body":{"name":"TEST_USER","login":"test_user","password":"T35t_P@55w0rd"},"method":"POST","queryParams":{},"level":"info","message":"Request Logger","label":"server.js","timestamp":"19-04-2020 14:58:34"}
{"url":"/users","body":{"name":"TEST_USER","login":"test_user","password":"T35t_P@55w0rd"},"method":"POST","queryParams":{},"level":"info","message":"Request Logger","label":"server.js","timestamp":"19-04-2020 14:58:35"}
{"url":"/users","body":{"name":"TEST_USER","login":"test_user","password":"T35t_P@55w0rd"},"method":"POST","queryParams":{},"level":"info","message":"Request Logger","label":"server.js","timestamp":"19-04-2020 14:58:35"}
{"url":"/users/undefined","body":{"name":"Autotest updated TEST_USER","login":"test_user","password":"T35t_P@55w0rd"},"method":"PUT","queryParams":{},"level":"info","message":"Request Logger","label":"server.js","timestamp":"19-04-2020 14:58:35"}
{"url":"/users","body":{"name":"TEST_USER","login":"test_user","password":"T35t_P@55w0rd"},"method":"POST","queryParams":{},"level":"info","message":"Request Logger","label":"server.js","timestamp":"19-04-2020 14:58:35"}
{"url":"/users/undefined","body":{},"method":"DELETE","queryParams":{},"level":"info","message":"Request Logger","label":"server.js","timestamp":"19-04-2020 14:58:35"}
{"url":"/users","body":{"name":"TEST_USER","login":"test_user","password":"T35t_P@55w0rd"},"method":"POST","queryParams":{},"level":"info","message":"Request Logger","label":"server.js","timestamp":"19-04-2020 14:58:35"}
{"url":"/boards","body":{"title":"Autotest board","columns":[{"title":"Backlog","order":1},{"title":"Sprint","order":2}]},"method":"POST","queryParams":{},"level":"info","message":"Request Logger","label":"server.js","timestamp":"19-04-2020 14:58:35"}
{"url":"/boards/51a8bd47-32a8-48e3-bf58-31ed52cda86b/tasks","body":{"title":"Task #1","order":1,"description":"Lorem ipsum","boardId":"51a8bd47-32a8-48e3-bf58-31ed52cda86b"},"method":"POST","queryParams":{},"level":"info","message":"Request Logger","label":"server.js","timestamp":"19-04-2020 14:58:35"}
{"url":"/boards/51a8bd47-32a8-48e3-bf58-31ed52cda86b/tasks","body":{"title":"Task #2","order":2,"description":"Lorem ipsum","boardId":"51a8bd47-32a8-48e3-bf58-31ed52cda86b"},"method":"POST","queryParams":{},"level":"info","message":"Request Logger","label":"server.js","timestamp":"19-04-2020 14:58:35"}
{"url":"/users/undefined","body":{},"method":"DELETE","queryParams":{},"level":"info","message":"Request Logger","label":"server.js","timestamp":"19-04-2020 14:58:35"}
{"url":"/boards/51a8bd47-32a8-48e3-bf58-31ed52cda86b/tasks/9e6b2911-e0a8-4c45-b9ca-a3bf0eb58ea5","body":{},"method":"GET","queryParams":{},"level":"info","message":"Request Logger","label":"server.js","timestamp":"19-04-2020 14:58:35"}
{"url":"/users","body":{},"method":"GET","queryParams":{},"level":"info","message":"Request Logger","label":"server.js","timestamp":"19-04-2020 14:59:28"}
{"message":"unhandledRejection Internal ErrorInternal Error","statusCode":500,"level":"error","label":"server.js","timestamp":"19-04-2020 14:59:28"}
{"url":"/users","body":{"name":"TEST_USER","login":"test_user","password":"T35t_P@55w0rd"},"method":"POST","queryParams":{},"level":"info","message":"Request Logger","label":"server.js","timestamp":"19-04-2020 14:59:33"}
{"url":"/users","body":{"name":"TEST_USER","login":"test_user","password":"T35t_P@55w0rd"},"method":"POST","queryParams":{},"level":"info","message":"Request Logger","label":"server.js","timestamp":"19-04-2020 14:59:34"}
{"url":"/users","body":{"name":"TEST_USER","login":"test_user","password":"T35t_P@55w0rd"},"method":"POST","queryParams":{},"level":"info","message":"Request Logger","label":"server.js","timestamp":"19-04-2020 14:59:34"}
{"url":"/users/undefined","body":{"name":"Autotest updated TEST_USER","login":"test_user","password":"T35t_P@55w0rd"},"method":"PUT","queryParams":{},"level":"info","message":"Request Logger","label":"server.js","timestamp":"19-04-2020 14:59:34"}
{"url":"/users","body":{"name":"TEST_USER","login":"test_user","password":"T35t_P@55w0rd"},"method":"POST","queryParams":{},"level":"info","message":"Request Logger","label":"server.js","timestamp":"19-04-2020 14:59:34"}
{"url":"/users/undefined","body":{},"method":"DELETE","queryParams":{},"level":"info","message":"Request Logger","label":"server.js","timestamp":"19-04-2020 14:59:34"}
{"url":"/users","body":{"name":"TEST_USER","login":"test_user","password":"T35t_P@55w0rd"},"method":"POST","queryParams":{},"level":"info","message":"Request Logger","label":"server.js","timestamp":"19-04-2020 14:59:34"}
{"url":"/boards","body":{"title":"Autotest board","columns":[{"title":"Backlog","order":1},{"title":"Sprint","order":2}]},"method":"POST","queryParams":{},"level":"info","message":"Request Logger","label":"server.js","timestamp":"19-04-2020 14:59:34"}
{"url":"/boards/7e6f63a0-c371-4442-bd29-d25e180f9cc1/tasks","body":{"title":"Task #1","order":1,"description":"Lorem ipsum","boardId":"7e6f63a0-c371-4442-bd29-d25e180f9cc1"},"method":"POST","queryParams":{},"level":"info","message":"Request Logger","label":"server.js","timestamp":"19-04-2020 14:59:34"}
{"url":"/boards/7e6f63a0-c371-4442-bd29-d25e180f9cc1/tasks","body":{"title":"Task #2","order":2,"description":"Lorem ipsum","boardId":"7e6f63a0-c371-4442-bd29-d25e180f9cc1"},"method":"POST","queryParams":{},"level":"info","message":"Request Logger","label":"server.js","timestamp":"19-04-2020 14:59:34"}
{"url":"/users/undefined","body":{},"method":"DELETE","queryParams":{},"level":"info","message":"Request Logger","label":"server.js","timestamp":"19-04-2020 14:59:34"}
{"url":"/boards/7e6f63a0-c371-4442-bd29-d25e180f9cc1/tasks/7b07b60c-9a07-4345-b3a7-facd8e98382d","body":{},"method":"GET","queryParams":{},"level":"info","message":"Request Logger","label":"server.js","timestamp":"19-04-2020 14:59:34"}
{"url":"/users","body":{},"method":"GET","queryParams":{},"level":"info","message":"Request Logger","label":"server.js","timestamp":"19-04-2020 15:02:30"}
{"url":"/users","body":{"name":"TEST_USER","login":"test_user","password":"T35t_P@55w0rd"},"method":"POST","queryParams":{},"level":"info","message":"Request Logger","label":"server.js","timestamp":"19-04-2020 15:02:31"}
{"url":"/users/6c99457a-c737-4b91-8678-0ca45f282287","body":{},"method":"GET","queryParams":{},"level":"info","message":"Request Logger","label":"server.js","timestamp":"19-04-2020 15:02:31"}
{"url":"/users/6c99457a-c737-4b91-8678-0ca45f282287","body":{},"method":"DELETE","queryParams":{},"level":"info","message":"Request Logger","label":"server.js","timestamp":"19-04-2020 15:02:31"}
{"url":"/users","body":{"name":"TEST_USER","login":"test_user","password":"T35t_P@55w0rd"},"method":"POST","queryParams":{},"level":"info","message":"Request Logger","label":"server.js","timestamp":"19-04-2020 15:02:31"}
{"url":"/users/aeade3c8-7041-42a5-8168-3748b2cc2507","body":{},"method":"DELETE","queryParams":{},"level":"info","message":"Request Logger","label":"server.js","timestamp":"19-04-2020 15:02:31"}
{"url":"/users","body":{"name":"TEST_USER","login":"test_user","password":"T35t_P@55w0rd"},"method":"POST","queryParams":{},"level":"info","message":"Request Logger","label":"server.js","timestamp":"19-04-2020 15:02:32"}
{"url":"/users/4d6b2bf8-0d8f-4f6d-90ed-9ba520b9ca5c","body":{"name":"Autotest updated TEST_USER","login":"test_user","password":"T35t_P@55w0rd","id":"4d6b2bf8-0d8f-4f6d-90ed-9ba520b9ca5c"},"method":"PUT","queryParams":{},"level":"info","message":"Request Logger","label":"server.js","timestamp":"19-04-2020 15:02:32"}
{"url":"/users/4d6b2bf8-0d8f-4f6d-90ed-9ba520b9ca5c","body":{},"method":"GET","queryParams":{},"level":"info","message":"Request Logger","label":"server.js","timestamp":"19-04-2020 15:02:32"}
{"url":"/users/4d6b2bf8-0d8f-4f6d-90ed-9ba520b9ca5c","body":{},"method":"DELETE","queryParams":{},"level":"info","message":"Request Logger","label":"server.js","timestamp":"19-04-2020 15:02:32"}
{"url":"/users","body":{"name":"TEST_USER","login":"test_user","password":"T35t_P@55w0rd"},"method":"POST","queryParams":{},"level":"info","message":"Request Logger","label":"server.js","timestamp":"19-04-2020 15:02:32"}
{"url":"/users/4d6aa4c0-10dd-4150-b391-7be8295dd3b6","body":{},"method":"DELETE","queryParams":{},"level":"info","message":"Request Logger","label":"server.js","timestamp":"19-04-2020 15:02:32"}
{"url":"/users","body":{"name":"TEST_USER","login":"test_user","password":"T35t_P@55w0rd"},"method":"POST","queryParams":{},"level":"info","message":"Request Logger","label":"server.js","timestamp":"19-04-2020 15:02:32"}
{"url":"/boards","body":{"title":"Autotest board","columns":[{"title":"Backlog","order":1},{"title":"Sprint","order":2}]},"method":"POST","queryParams":{},"level":"info","message":"Request Logger","label":"server.js","timestamp":"19-04-2020 15:02:32"}
{"url":"/boards/25da8831-8247-406c-b440-074b9d9370dc/tasks","body":{"title":"Task #1","order":1,"description":"Lorem ipsum","userId":"108d7dfc-ebcd-4626-b603-38f162a8f6bb","boardId":"25da8831-8247-406c-b440-074b9d9370dc"},"method":"POST","queryParams":{},"level":"info","message":"Request Logger","label":"server.js","timestamp":"19-04-2020 15:02:32"}
{"url":"/boards/25da8831-8247-406c-b440-074b9d9370dc/tasks","body":{"title":"Task #2","order":2,"description":"Lorem ipsum","userId":"108d7dfc-ebcd-4626-b603-38f162a8f6bb","boardId":"25da8831-8247-406c-b440-074b9d9370dc"},"method":"POST","queryParams":{},"level":"info","message":"Request Logger","label":"server.js","timestamp":"19-04-2020 15:02:32"}
{"url":"/users/108d7dfc-ebcd-4626-b603-38f162a8f6bb","body":{},"method":"DELETE","queryParams":{},"level":"info","message":"Request Logger","label":"server.js","timestamp":"19-04-2020 15:02:32"}
{"url":"/boards/25da8831-8247-406c-b440-074b9d9370dc/tasks/fd1a68e6-06b7-4525-8097-2082f20fba7a","body":{},"method":"GET","queryParams":{},"level":"info","message":"Request Logger","label":"server.js","timestamp":"19-04-2020 15:02:32"}
{"url":"/boards","body":{"title":"Autotest board","columns":[{"title":"Backlog","order":1},{"title":"Sprint","order":2}]},"method":"POST","queryParams":{},"level":"info","message":"Request Logger","label":"server.js","timestamp":"20-04-2020 10:14:09"}
{"url":"/boards","body":{},"method":"GET","queryParams":{},"level":"info","message":"Request Logger","label":"server.js","timestamp":"20-04-2020 10:14:09"}
{"url":"/boards","body":{},"method":"GET","queryParams":{},"level":"info","message":"Request Logger","label":"server.js","timestamp":"20-04-2020 10:14:09"}
{"url":"/boards/b760b70a-2a57-45f3-b11f-ea47df2a2c9e","body":{},"method":"GET","queryParams":{},"level":"info","message":"Request Logger","label":"server.js","timestamp":"20-04-2020 10:14:09"}
{"url":"/boards","body":{"title":"Autotest board","columns":[{"title":"Backlog","order":1},{"title":"Sprint","order":2}]},"method":"POST","queryParams":{},"level":"info","message":"Request Logger","label":"server.js","timestamp":"20-04-2020 10:14:09"}
{"url":"/boards","body":{"title":"Autotest board","columns":[{"title":"Backlog","order":1},{"title":"Sprint","order":2}]},"method":"POST","queryParams":{},"level":"info","message":"Request Logger","label":"server.js","timestamp":"20-04-2020 10:14:10"}
{"url":"/boards/undefined","body":{"title":"Autotest updated board","columns":[{"id":"f27fb146-dd22-41b8-9a22-1d3b12ffaad7","title":"Backlog","order":1},{"id":"8ca17098-5532-4c0e-ad2f-5e5ca9e98732","title":"Sprint","order":2}],"_id":"8eed0aba-d506-4822-883d-e4ca96dc820f"},"method":"PUT","queryParams":{},"level":"info","message":"Request Logger","label":"server.js","timestamp":"20-04-2020 10:14:10"}
{"url":"/boards","body":{},"method":"GET","queryParams":{},"level":"info","message":"Request Logger","label":"server.js","timestamp":"20-04-2020 10:14:10"}
{"url":"/boards/b760b70a-2a57-45f3-b11f-ea47df2a2c9e","body":{},"method":"DELETE","queryParams":{},"level":"info","message":"Request Logger","label":"server.js","timestamp":"20-04-2020 10:14:10"}
{"url":"/boards/b760b70a-2a57-45f3-b11f-ea47df2a2c9e","body":{},"method":"GET","queryParams":{},"level":"info","message":"Request Logger","label":"server.js","timestamp":"20-04-2020 10:14:10"}
{"url":"/boards","body":{"title":"Autotest board","columns":[{"title":"Backlog","order":1},{"title":"Sprint","order":2}]},"method":"POST","queryParams":{},"level":"info","message":"Request Logger","label":"server.js","timestamp":"20-04-2020 10:14:10"}
{"url":"/boards/undefined/tasks","body":{"title":"Task #1","order":1,"description":"Lorem ipsum","userId":null,"columnId":null},"method":"POST","queryParams":{},"level":"info","message":"Request Logger","label":"server.js","timestamp":"20-04-2020 10:14:10"}
{"url":"/boards/undefined/tasks","body":{"title":"Task #2","order":2,"description":"Lorem ipsum","userId":null,"columnId":null},"method":"POST","queryParams":{},"level":"info","message":"Request Logger","label":"server.js","timestamp":"20-04-2020 10:14:10"}
{"url":"/boards/undefined/tasks","body":{"title":"Task #3","order":3,"description":"Lorem ipsum","userId":null,"columnId":null},"method":"POST","queryParams":{},"level":"info","message":"Request Logger","label":"server.js","timestamp":"20-04-2020 10:14:10"}
{"url":"/boards/undefined/tasks","body":{"title":"Task #4","order":4,"description":"Lorem ipsum","userId":null,"columnId":null},"method":"POST","queryParams":{},"level":"info","message":"Request Logger","label":"server.js","timestamp":"20-04-2020 10:14:10"}
{"url":"/boards/undefined/tasks","body":{"title":"Task #5","order":5,"description":"Lorem ipsum","userId":null,"columnId":null},"method":"POST","queryParams":{},"level":"info","message":"Request Logger","label":"server.js","timestamp":"20-04-2020 10:14:10"}
{"url":"/boards","body":{"title":"Autotest board","columns":[{"title":"Backlog","order":1},{"title":"Sprint","order":2}]},"method":"POST","queryParams":{},"level":"info","message":"Request Logger","label":"server.js","timestamp":"20-04-2020 10:16:15"}
{"url":"/boards","body":{},"method":"GET","queryParams":{},"level":"info","message":"Request Logger","label":"server.js","timestamp":"20-04-2020 10:16:16"}
{"url":"/boards","body":{},"method":"GET","queryParams":{},"level":"info","message":"Request Logger","label":"server.js","timestamp":"20-04-2020 10:16:16"}
{"url":"/boards/b760b70a-2a57-45f3-b11f-ea47df2a2c9e","body":{},"method":"GET","queryParams":{},"level":"info","message":"Request Logger","label":"server.js","timestamp":"20-04-2020 10:16:16"}
{"url":"/boards","body":{"title":"Autotest board","columns":[{"title":"Backlog","order":1},{"title":"Sprint","order":2}]},"method":"POST","queryParams":{},"level":"info","message":"Request Logger","label":"server.js","timestamp":"20-04-2020 10:16:16"}
{"url":"/boards/6239e2bc-0726-4efb-a344-a9349f625e35","body":{},"method":"DELETE","queryParams":{},"level":"info","message":"Request Logger","label":"server.js","timestamp":"20-04-2020 10:16:16"}
{"url":"/boards","body":{"title":"Autotest board","columns":[{"title":"Backlog","order":1},{"title":"Sprint","order":2}]},"method":"POST","queryParams":{},"level":"info","message":"Request Logger","label":"server.js","timestamp":"20-04-2020 10:16:16"}
{"url":"/boards/e43709be-a0c4-4178-bfe2-579503a92ffa","body":{"id":"e43709be-a0c4-4178-bfe2-579503a92ffa","columns":[{"id":"2812a364-5938-489b-8ae3-973d2b871cc0","title":"Backlog","order":1},{"id":"aba7213b-2c83-4986-894e-54e6ee6af086","title":"Sprint","order":2}],"title":"Autotest updated board"},"method":"PUT","queryParams":{},"level":"info","message":"Request Logger","label":"server.js","timestamp":"20-04-2020 10:16:16"}
{"url":"/boards","body":{},"method":"GET","queryParams":{},"level":"info","message":"Request Logger","label":"server.js","timestamp":"20-04-2020 10:16:16"}
{"url":"/boards/b760b70a-2a57-45f3-b11f-ea47df2a2c9e","body":{},"method":"DELETE","queryParams":{},"level":"info","message":"Request Logger","label":"server.js","timestamp":"20-04-2020 10:16:16"}
{"url":"/boards/b760b70a-2a57-45f3-b11f-ea47df2a2c9e","body":{},"method":"GET","queryParams":{},"level":"info","message":"Request Logger","label":"server.js","timestamp":"20-04-2020 10:16:16"}
{"url":"/boards","body":{"title":"Autotest board","columns":[{"title":"Backlog","order":1},{"title":"Sprint","order":2}]},"method":"POST","queryParams":{},"level":"info","message":"Request Logger","label":"server.js","timestamp":"20-04-2020 10:16:16"}
{"url":"/boards/afeadff1-4f0e-48dd-a2ce-b43321c7f241/tasks","body":{"title":"Task #1","order":1,"description":"Lorem ipsum","boardId":"afeadff1-4f0e-48dd-a2ce-b43321c7f241","userId":null,"columnId":null},"method":"POST","queryParams":{},"level":"info","message":"Request Logger","label":"server.js","timestamp":"20-04-2020 10:16:16"}
{"url":"/boards/afeadff1-4f0e-48dd-a2ce-b43321c7f241/tasks","body":{"title":"Task #2","order":2,"description":"Lorem ipsum","boardId":"afeadff1-4f0e-48dd-a2ce-b43321c7f241","userId":null,"columnId":null},"method":"POST","queryParams":{},"level":"info","message":"Request Logger","label":"server.js","timestamp":"20-04-2020 10:16:16"}
{"url":"/boards/afeadff1-4f0e-48dd-a2ce-b43321c7f241/tasks","body":{"title":"Task #3","order":3,"description":"Lorem ipsum","boardId":"afeadff1-4f0e-48dd-a2ce-b43321c7f241","userId":null,"columnId":null},"method":"POST","queryParams":{},"level":"info","message":"Request Logger","label":"server.js","timestamp":"20-04-2020 10:16:16"}
{"url":"/boards/afeadff1-4f0e-48dd-a2ce-b43321c7f241/tasks","body":{"title":"Task #4","order":4,"description":"Lorem ipsum","boardId":"afeadff1-4f0e-48dd-a2ce-b43321c7f241","userId":null,"columnId":null},"method":"POST","queryParams":{},"level":"info","message":"Request Logger","label":"server.js","timestamp":"20-04-2020 10:16:16"}
{"url":"/boards/afeadff1-4f0e-48dd-a2ce-b43321c7f241/tasks","body":{"title":"Task #5","order":5,"description":"Lorem ipsum","boardId":"afeadff1-4f0e-48dd-a2ce-b43321c7f241","userId":null,"columnId":null},"method":"POST","queryParams":{},"level":"info","message":"Request Logger","label":"server.js","timestamp":"20-04-2020 10:16:16"}
{"url":"/boards/afeadff1-4f0e-48dd-a2ce-b43321c7f241/tasks/d27231da-5fb0-49cc-8453-909bf76494c6","body":{},"method":"GET","queryParams":{},"level":"info","message":"Request Logger","label":"server.js","timestamp":"20-04-2020 10:16:17"}
{"url":"/boards/afeadff1-4f0e-48dd-a2ce-b43321c7f241/tasks/ebc46226-26c5-49ab-b26c-1e2e871204cc","body":{},"method":"GET","queryParams":{},"level":"info","message":"Request Logger","label":"server.js","timestamp":"20-04-2020 10:16:17"}
{"url":"/boards/afeadff1-4f0e-48dd-a2ce-b43321c7f241/tasks/2d1d3073-471d-48f4-9f99-a869880fb47c","body":{},"method":"GET","queryParams":{},"level":"info","message":"Request Logger","label":"server.js","timestamp":"20-04-2020 10:16:17"}
{"url":"/boards/afeadff1-4f0e-48dd-a2ce-b43321c7f241/tasks/ece7773a-f1b3-479b-9b3d-64d3f6f8a1f5","body":{},"method":"GET","queryParams":{},"level":"info","message":"Request Logger","label":"server.js","timestamp":"20-04-2020 10:16:17"}
{"url":"/boards/afeadff1-4f0e-48dd-a2ce-b43321c7f241/tasks/acf90b8c-a23a-4f1a-a8e0-f2ee084484d7","body":{},"method":"GET","queryParams":{},"level":"info","message":"Request Logger","label":"server.js","timestamp":"20-04-2020 10:16:17"}
{"url":"/boards/afeadff1-4f0e-48dd-a2ce-b43321c7f241","body":{},"method":"DELETE","queryParams":{},"level":"info","message":"Request Logger","label":"server.js","timestamp":"20-04-2020 10:16:17"}
{"url":"/boards/afeadff1-4f0e-48dd-a2ce-b43321c7f241/tasks/d27231da-5fb0-49cc-8453-909bf76494c6","body":{},"method":"GET","queryParams":{},"level":"info","message":"Request Logger","label":"server.js","timestamp":"20-04-2020 10:16:17"}
{"url":"/boards/afeadff1-4f0e-48dd-a2ce-b43321c7f241/tasks/ebc46226-26c5-49ab-b26c-1e2e871204cc","body":{},"method":"GET","queryParams":{},"level":"info","message":"Request Logger","label":"server.js","timestamp":"20-04-2020 10:16:17"}
{"url":"/boards/afeadff1-4f0e-48dd-a2ce-b43321c7f241/tasks/2d1d3073-471d-48f4-9f99-a869880fb47c","body":{},"method":"GET","queryParams":{},"level":"info","message":"Request Logger","label":"server.js","timestamp":"20-04-2020 10:16:17"}
{"url":"/boards/afeadff1-4f0e-48dd-a2ce-b43321c7f241/tasks/ece7773a-f1b3-479b-9b3d-64d3f6f8a1f5","body":{},"method":"GET","queryParams":{},"level":"info","message":"Request Logger","label":"server.js","timestamp":"20-04-2020 10:16:17"}
{"url":"/boards/afeadff1-4f0e-48dd-a2ce-b43321c7f241/tasks/acf90b8c-a23a-4f1a-a8e0-f2ee084484d7","body":{},"method":"GET","queryParams":{},"level":"info","message":"Request Logger","label":"server.js","timestamp":"20-04-2020 10:16:17"}
{"url":"/boards","body":{"title":"Autotest board","columns":[{"title":"Backlog","order":1},{"title":"Sprint","order":2}]},"method":"POST","queryParams":{},"level":"info","message":"Request Logger","label":"server.js","timestamp":"20-04-2020 10:25:30"}
{"url":"/boards","body":{},"method":"GET","queryParams":{},"level":"info","message":"Request Logger","label":"server.js","timestamp":"20-04-2020 10:25:31"}
{"url":"/boards","body":{},"method":"GET","queryParams":{},"level":"info","message":"Request Logger","label":"server.js","timestamp":"20-04-2020 10:25:31"}
{"url":"/boards/b760b70a-2a57-45f3-b11f-ea47df2a2c9e","body":{},"method":"GET","queryParams":{},"level":"info","message":"Request Logger","label":"server.js","timestamp":"20-04-2020 10:25:31"}
{"url":"/boards","body":{"title":"Autotest board","columns":[{"title":"Backlog","order":1},{"title":"Sprint","order":2}]},"method":"POST","queryParams":{},"level":"info","message":"Request Logger","label":"server.js","timestamp":"20-04-2020 10:25:31"}
{"url":"/boards/ceb87e45-2053-49c1-b567-9c1fde7c0871","body":{},"method":"DELETE","queryParams":{},"level":"info","message":"Request Logger","label":"server.js","timestamp":"20-04-2020 10:25:31"}
{"url":"/boards","body":{"title":"Autotest board","columns":[{"title":"Backlog","order":1},{"title":"Sprint","order":2}]},"method":"POST","queryParams":{},"level":"info","message":"Request Logger","label":"server.js","timestamp":"20-04-2020 10:25:31"}
{"url":"/boards/e9bba715-c410-4cc2-b584-2150938b9ce7","body":{"id":"e9bba715-c410-4cc2-b584-2150938b9ce7","columns":[{"id":"9d9b836c-7d81-4135-a766-15a96761d1f7","title":"Backlog","order":1},{"id":"23c5e1d0-3526-481b-afba-84202f64953f","title":"Sprint","order":2}],"title":"Autotest updated board"},"method":"PUT","queryParams":{},"level":"info","message":"Request Logger","label":"server.js","timestamp":"20-04-2020 10:25:31"}
{"url":"/boards/e9bba715-c410-4cc2-b584-2150938b9ce7","body":{},"method":"GET","queryParams":{},"level":"info","message":"Request Logger","label":"server.js","timestamp":"20-04-2020 10:25:31"}
{"url":"/boards/e9bba715-c410-4cc2-b584-2150938b9ce7","body":{},"method":"DELETE","queryParams":{},"level":"info","message":"Request Logger","label":"server.js","timestamp":"20-04-2020 10:25:31"}
{"url":"/boards","body":{},"method":"GET","queryParams":{},"level":"info","message":"Request Logger","label":"server.js","timestamp":"20-04-2020 10:25:31"}
{"url":"/boards/b760b70a-2a57-45f3-b11f-ea47df2a2c9e","body":{},"method":"DELETE","queryParams":{},"level":"info","message":"Request Logger","label":"server.js","timestamp":"20-04-2020 10:25:31"}
{"url":"/boards/b760b70a-2a57-45f3-b11f-ea47df2a2c9e","body":{},"method":"GET","queryParams":{},"level":"info","message":"Request Logger","label":"server.js","timestamp":"20-04-2020 10:25:32"}
{"url":"/boards","body":{"title":"Autotest board","columns":[{"title":"Backlog","order":1},{"title":"Sprint","order":2}]},"method":"POST","queryParams":{},"level":"info","message":"Request Logger","label":"server.js","timestamp":"20-04-2020 10:25:32"}
{"url":"/boards/d48b7810-1749-427f-8cc2-53d5d7e9cd6e/tasks","body":{"title":"Task #1","order":1,"description":"Lorem ipsum","boardId":"d48b7810-1749-427f-8cc2-53d5d7e9cd6e","userId":null,"columnId":null},"method":"POST","queryParams":{},"level":"info","message":"Request Logger","label":"server.js","timestamp":"20-04-2020 10:25:32"}
{"url":"/boards/d48b7810-1749-427f-8cc2-53d5d7e9cd6e/tasks","body":{"title":"Task #2","order":2,"description":"Lorem ipsum","boardId":"d48b7810-1749-427f-8cc2-53d5d7e9cd6e","userId":null,"columnId":null},"method":"POST","queryParams":{},"level":"info","message":"Request Logger","label":"server.js","timestamp":"20-04-2020 10:25:32"}
{"url":"/boards/d48b7810-1749-427f-8cc2-53d5d7e9cd6e/tasks","body":{"title":"Task #3","order":3,"description":"Lorem ipsum","boardId":"d48b7810-1749-427f-8cc2-53d5d7e9cd6e","userId":null,"columnId":null},"method":"POST","queryParams":{},"level":"info","message":"Request Logger","label":"server.js","timestamp":"20-04-2020 10:25:32"}
{"url":"/boards/d48b7810-1749-427f-8cc2-53d5d7e9cd6e/tasks","body":{"title":"Task #4","order":4,"description":"Lorem ipsum","boardId":"d48b7810-1749-427f-8cc2-53d5d7e9cd6e","userId":null,"columnId":null},"method":"POST","queryParams":{},"level":"info","message":"Request Logger","label":"server.js","timestamp":"20-04-2020 10:25:32"}
{"url":"/boards/d48b7810-1749-427f-8cc2-53d5d7e9cd6e/tasks","body":{"title":"Task #5","order":5,"description":"Lorem ipsum","boardId":"d48b7810-1749-427f-8cc2-53d5d7e9cd6e","userId":null,"columnId":null},"method":"POST","queryParams":{},"level":"info","message":"Request Logger","label":"server.js","timestamp":"20-04-2020 10:25:32"}
{"url":"/boards/d48b7810-1749-427f-8cc2-53d5d7e9cd6e/tasks/bb68972b-1f9c-4a0d-8aca-a32481b085b0","body":{},"method":"GET","queryParams":{},"level":"info","message":"Request Logger","label":"server.js","timestamp":"20-04-2020 10:25:32"}
{"url":"/boards/d48b7810-1749-427f-8cc2-53d5d7e9cd6e/tasks/a8a4c2bd-74ea-4a53-bceb-f3f64323ae13","body":{},"method":"GET","queryParams":{},"level":"info","message":"Request Logger","label":"server.js","timestamp":"20-04-2020 10:25:32"}
{"url":"/boards/d48b7810-1749-427f-8cc2-53d5d7e9cd6e/tasks/425c7adb-1a02-4662-b04e-5933eac6c115","body":{},"method":"GET","queryParams":{},"level":"info","message":"Request Logger","label":"server.js","timestamp":"20-04-2020 10:25:32"}
{"url":"/boards/d48b7810-1749-427f-8cc2-53d5d7e9cd6e/tasks/fd2e53a3-36f8-4e32-9e68-47b8c8a246c2","body":{},"method":"GET","queryParams":{},"level":"info","message":"Request Logger","label":"server.js","timestamp":"20-04-2020 10:25:32"}
{"url":"/boards/d48b7810-1749-427f-8cc2-53d5d7e9cd6e/tasks/d0dafab0-69e7-4827-8dcd-dbec89f0a3c9","body":{},"method":"GET","queryParams":{},"level":"info","message":"Request Logger","label":"server.js","timestamp":"20-04-2020 10:25:32"}
{"url":"/boards/d48b7810-1749-427f-8cc2-53d5d7e9cd6e","body":{},"method":"DELETE","queryParams":{},"level":"info","message":"Request Logger","label":"server.js","timestamp":"20-04-2020 10:25:32"}
{"url":"/boards/d48b7810-1749-427f-8cc2-53d5d7e9cd6e/tasks/bb68972b-1f9c-4a0d-8aca-a32481b085b0","body":{},"method":"GET","queryParams":{},"level":"info","message":"Request Logger","label":"server.js","timestamp":"20-04-2020 10:25:32"}
{"url":"/boards/d48b7810-1749-427f-8cc2-53d5d7e9cd6e/tasks/425c7adb-1a02-4662-b04e-5933eac6c115","body":{},"method":"GET","queryParams":{},"level":"info","message":"Request Logger","label":"server.js","timestamp":"20-04-2020 10:25:32"}
{"url":"/boards/d48b7810-1749-427f-8cc2-53d5d7e9cd6e/tasks/fd2e53a3-36f8-4e32-9e68-47b8c8a246c2","body":{},"method":"GET","queryParams":{},"level":"info","message":"Request Logger","label":"server.js","timestamp":"20-04-2020 10:25:32"}
{"url":"/boards/d48b7810-1749-427f-8cc2-53d5d7e9cd6e/tasks/d0dafab0-69e7-4827-8dcd-dbec89f0a3c9","body":{},"method":"GET","queryParams":{},"level":"info","message":"Request Logger","label":"server.js","timestamp":"20-04-2020 10:25:32"}
{"url":"/boards/d48b7810-1749-427f-8cc2-53d5d7e9cd6e/tasks/a8a4c2bd-74ea-4a53-bceb-f3f64323ae13","body":{},"method":"GET","queryParams":{},"level":"info","message":"Request Logger","label":"server.js","timestamp":"20-04-2020 10:25:32"}
